<?xml version="1.0" encoding="UTF-8"?>
<!-- Generated by org.testng.reporters.JUnitReportReporter -->
<testsuite hostname="NguyenThoong" failures="0" tests="8" name="com.vlu.tests.Module_02_PagesAndSearchTest" time="83.866" errors="0" timestamp="2026-07-06T09:40:28 GMT+07:00" skipped="0">
  <testcase classname="com.vlu.tests.Module_02_PagesAndSearchTest" name="TC_06_ContactUsForm_FullSteps" time="14.896"/>
  <testcase classname="com.vlu.tests.Module_02_PagesAndSearchTest" name="TC_07_VerifyTestCasesPage_Test" time="7.344"/>
  <testcase classname="com.vlu.tests.Module_02_PagesAndSearchTest" name="TC_08_VerifyAllProductsAndDetailPage_Test" time="10.647"/>
  <testcase classname="com.vlu.tests.Module_02_PagesAndSearchTest" name="TC_09_SearchProduct_Test" time="10.762"/>
  <testcase classname="com.vlu.tests.Module_02_PagesAndSearchTest" name="TC_10_VerifySubscriptionInHomePage_Test" time="5.056"/>
  <testcase classname="com.vlu.tests.Module_02_PagesAndSearchTest" name="TC_11_VerifySubscriptionInCartPage_Test" time="8.968"/>
  <testcase classname="com.vlu.tests.Module_02_PagesAndSearchTest" name="TC_12_AddProductsInCart_Test" time="14.921"/>
  <testcase classname="com.vlu.tests.Module_02_PagesAndSearchTest" name="TC_13_VerifyProductQuantityInCart_Test" time="11.272"/>
</testsuite> <!-- com.vlu.tests.Module_02_PagesAndSearchTest -->
