<?xml version="1.0" encoding="UTF-8"?>
<!-- Generated by org.testng.reporters.JUnitXMLReporter -->
<testsuite ignored="1" hostname="NguyenThoong" failures="0" tests="1" name="Default test" time="47.851" errors="0" timestamp="2026-07-07T10:56:55 GMT+07:00">
  <testcase classname="com.vlu.tests.TestDraft" name="TC_24_PlaceOrder_DownloadInvoice_Test" time="43.072"/>
  <testcase classname="com.vlu.tests.TestDraft" name="TC_23_VerifyDeliveryAndBillingAddress_Test" time="0.0">
    <ignored/>
  </testcase> <!-- TC_23_VerifyDeliveryAndBillingAddress_Test -->
</testsuite> <!-- Default test -->
